============================= test session starts ==============================
platform linux -- Python 3.9.2, pytest-6.2.3, py-1.10.0, pluggy-0.13.1 -- /home/jonwebb/Code_Dev/Python/core_utilities/.venv/bin/python3
cachedir: .pytest_cache
rootdir: /home/jonwebb/Code_Dev/Python/core_utilities
collecting ... collected 16 items

test_operating_system.py::test_change_directory PASSED                   [  6%]
test_operating_system.py::test_copy_directory PASSED                     [ 12%]
test_operating_system.py::test_copy_file PASSED                          [ 18%]
test_operating_system.py::test_count_word_occurrence PASSED              [ 25%]
test_operating_system.py::test_create_directory PASSED                   [ 31%]
test_operating_system.py::test_create_file PASSED                        [ 37%]
test_operating_system.py::test_current_working_directory PASSED          [ 43%]
test_operating_system.py::test_delete_directory PASSED                   [ 50%]
test_operating_system.py::test_delete_file PASSED                        [ 56%]
test_operating_system.py::test_remove_populated_directory PASSED         [ 62%]
test_operating_system.py::test_determine_file_size PASSED                [ 68%]
test_operating_system.py::test_determine_file_line_count PASSED          [ 75%]
test_operating_system.py::test_file_word_count PASSED                    [ 81%]
test_operating_system.py::test_move_directory PASSED                     [ 87%]
test_operating_system.py::test_move_file PASSED                          [ 93%]
test_operating_system.py::test_list_contents PASSED                      [100%]

============================== 16 passed in 0.02s ==============================
Tue Apr 13 08:01:43 PM MDT 2021
