============================= test session starts ==============================
platform linux -- Python 3.9.2, pytest-6.2.3, py-1.10.0, pluggy-0.13.1 -- /home/jonwebb/Code_Dev/Python/core_utilities/.venv/bin/python3
cachedir: .pytest_cache
rootdir: /home/jonwebb/Code_Dev/Python/core_utilities
collecting ... collected 49 items

test_operating_system.py::test_change_directory PASSED                   [  2%]
test_operating_system.py::test_copy_directory PASSED                     [  4%]
test_operating_system.py::test_copy_file PASSED                          [  6%]
test_operating_system.py::test_count_word_occurrence PASSED              [  8%]
test_operating_system.py::test_create_directory PASSED                   [ 10%]
test_operating_system.py::test_create_file PASSED                        [ 12%]
test_operating_system.py::test_current_working_directory PASSED          [ 14%]
test_operating_system.py::test_delete_directory PASSED                   [ 16%]
test_operating_system.py::test_delete_file PASSED                        [ 18%]
test_operating_system.py::test_remove_populated_directory PASSED         [ 20%]
test_operating_system.py::test_determine_file_size PASSED                [ 22%]
test_operating_system.py::test_determine_file_line_count PASSED          [ 24%]
test_operating_system.py::test_file_word_count PASSED                    [ 26%]
test_operating_system.py::test_move_directory PASSED                     [ 28%]
test_operating_system.py::test_move_file PASSED                          [ 30%]
test_operating_system.py::test_list_contents PASSED                      [ 32%]
test_operating_system.py::test_copy_files_files PASSED                   [ 34%]
test_operating_system.py::test_copy_files_dirs PASSED                    [ 36%]
test_operating_system.py::test_move_files_everything PASSED              [ 38%]
test_operating_system.py::test_move_files_dirs PASSED                    [ 40%]
test_operating_system.py::test_verify_directory_existence PASSED         [ 42%]
test_operating_system.py::test_directory_existence_not_verified PASSED   [ 44%]
test_operating_system.py::test_verify_file_existence PASSED              [ 46%]
test_operating_system.py::test_file_existence_not_verified PASSED        [ 48%]
test_read_files.py::test_file_not_found PASSED                           [ 51%]
test_read_files.py::test_read_double PASSED                              [ 53%]
test_read_files.py::test_read_double_list PASSED                         [ 55%]
test_read_files.py::test_read_float PASSED                               [ 57%]
test_read_files.py::test_float_list PASSED                               [ 59%]
test_read_files.py::test_read_integer PASSED                             [ 61%]
test_read_files.py::test_read_integer_list PASSED                        [ 63%]
test_read_files.py::test_read_sentence PASSED                            [ 65%]
test_read_files.py::test_read_string PASSED                              [ 67%]
test_read_files.py::test_read_string_list PASSED                         [ 69%]
test_read_files.py::test_read_csv_by_headers PASSED                      [ 71%]
test_read_files.py::test_read_csv_by_headers_below_start PASSED          [ 73%]
test_read_files.py::test_read_csv_by_index PASSED                        [ 75%]
test_read_files.py::test_read_csv_by_index_below_start PASSED            [ 77%]
test_read_files.py::test_read_text_by_header PASSED                      [ 79%]
test_read_files.py::test_read_text_by_header_below_start PASSED          [ 81%]
test_read_files.py::test_read_text_by_index PASSED                       [ 83%]
test_read_files.py::test_read_text_by_index_below_start PASSED           [ 85%]
test_read_files.py::test_read_excel_by_header PASSED                     [ 87%]
test_read_files.py::test_read_excel_by_header_below_start PASSED         [ 89%]
test_read_files.py::test_read_excel_by_index PASSED                      [ 91%]
test_read_files.py::test_read_excel_by_index_below_start PASSED          [ 93%]
test_read_files.py::test_no_db_exists PASSED                             [ 95%]
test_read_files.py::test_read_database_from_class PASSED                 [ 97%]
test_read_files.py::test_simple_sqlite_query PASSED                      [100%]

============================== 49 passed in 0.24s ==============================
Thu Apr 15 04:29:48 PM MDT 2021
