============================= test session starts ==============================
platform linux -- Python 3.9.2, pytest-6.2.3, py-1.10.0, pluggy-0.13.1 -- /home/jonwebb/Code_Dev/Python/core_utilities/.venv/bin/python3
cachedir: .pytest_cache
rootdir: /home/jonwebb/Code_Dev/Python/core_utilities
collecting ... collected 48 items

test_operating_system.py::test_change_directory PASSED                   [  2%]
test_operating_system.py::test_copy_directory PASSED                     [  4%]
test_operating_system.py::test_copy_file PASSED                          [  6%]
test_operating_system.py::test_count_word_occurrence PASSED              [  8%]
test_operating_system.py::test_create_directory PASSED                   [ 10%]
test_operating_system.py::test_create_file PASSED                        [ 12%]
test_operating_system.py::test_current_working_directory PASSED          [ 14%]
test_operating_system.py::test_delete_directory PASSED                   [ 16%]
test_operating_system.py::test_delete_file PASSED                        [ 18%]
test_operating_system.py::test_remove_populated_directory PASSED         [ 20%]
test_operating_system.py::test_determine_file_size PASSED                [ 22%]
test_operating_system.py::test_determine_file_line_count PASSED          [ 25%]
test_operating_system.py::test_file_word_count PASSED                    [ 27%]
test_operating_system.py::test_move_directory PASSED                     [ 29%]
test_operating_system.py::test_move_file PASSED                          [ 31%]
test_operating_system.py::test_list_contents PASSED                      [ 33%]
test_operating_system.py::test_copy_files_files PASSED                   [ 35%]
test_operating_system.py::test_copy_files_dirs PASSED                    [ 37%]
test_operating_system.py::test_move_files_everything PASSED              [ 39%]
test_operating_system.py::test_move_files_dirs PASSED                    [ 41%]
test_operating_system.py::test_verify_directory_existence PASSED         [ 43%]
test_operating_system.py::test_directory_existence_not_verified PASSED   [ 45%]
test_operating_system.py::test_verify_file_existence PASSED              [ 47%]
test_operating_system.py::test_file_existence_not_verified PASSED        [ 50%]
test_read_files.py::test_file_not_found PASSED                           [ 52%]
test_read_files.py::test_read_double PASSED                              [ 54%]
test_read_files.py::test_read_double_list PASSED                         [ 56%]
test_read_files.py::test_read_float PASSED                               [ 58%]
test_read_files.py::test_float_list PASSED                               [ 60%]
test_read_files.py::test_read_integer PASSED                             [ 62%]
test_read_files.py::test_read_integer_list PASSED                        [ 64%]
test_read_files.py::test_read_sentence PASSED                            [ 66%]
test_read_files.py::test_read_string PASSED                              [ 68%]
test_read_files.py::test_read_string_list PASSED                         [ 70%]
test_read_files.py::test_read_csv_by_headers PASSED                      [ 72%]
test_read_files.py::test_read_csv_by_headers_below_start PASSED          [ 75%]
test_read_files.py::test_read_csv_by_index PASSED                        [ 77%]
test_read_files.py::test_read_csv_by_index_below_start PASSED            [ 79%]
test_read_files.py::test_read_text_by_header PASSED                      [ 81%]
test_read_files.py::test_read_text_by_header_below_start PASSED          [ 83%]
test_read_files.py::test_read_text_by_index PASSED                       [ 85%]
test_read_files.py::test_read_text_by_index_below_start PASSED           [ 87%]
test_read_files.py::test_read_excel_by_header PASSED                     [ 89%]
test_read_files.py::test_read_excel_by_header_below_start PASSED         [ 91%]
test_read_files.py::test_read_excel_by_index PASSED                      [ 93%]
test_read_files.py::test_read_excel_by_index_below_start PASSED          [ 95%]
test_read_files.py::test_no_db_exists PASSED                             [ 97%]
test_read_files.py::test_read_database_from_class PASSED                 [100%]

============================== 48 passed in 0.24s ==============================
Thu Apr 15 04:26:10 PM MDT 2021
