============================= test session starts ==============================
platform linux -- Python 3.9.2, pytest-6.2.3, py-1.10.0, pluggy-0.13.1 -- /home/jonwebb/Code_Dev/Python/core_utilities/.venv/bin/python3
cachedir: .pytest_cache
rootdir: /home/jonwebb/Code_Dev/Python/core_utilities
collecting ... collected 38 items

test_operating_system.py::test_change_directory PASSED                   [  2%]
test_operating_system.py::test_copy_directory PASSED                     [  5%]
test_operating_system.py::test_copy_file PASSED                          [  7%]
test_operating_system.py::test_count_word_occurrence PASSED              [ 10%]
test_operating_system.py::test_create_directory PASSED                   [ 13%]
test_operating_system.py::test_create_file PASSED                        [ 15%]
test_operating_system.py::test_current_working_directory PASSED          [ 18%]
test_operating_system.py::test_delete_directory PASSED                   [ 21%]
test_operating_system.py::test_delete_file PASSED                        [ 23%]
test_operating_system.py::test_remove_populated_directory PASSED         [ 26%]
test_operating_system.py::test_determine_file_size PASSED                [ 28%]
test_operating_system.py::test_determine_file_line_count PASSED          [ 31%]
test_operating_system.py::test_file_word_count PASSED                    [ 34%]
test_operating_system.py::test_move_directory PASSED                     [ 36%]
test_operating_system.py::test_move_file PASSED                          [ 39%]
test_operating_system.py::test_list_contents PASSED                      [ 42%]
test_operating_system.py::test_copy_files_files PASSED                   [ 44%]
test_operating_system.py::test_copy_files_dirs PASSED                    [ 47%]
test_operating_system.py::test_move_files_everything PASSED              [ 50%]
test_operating_system.py::test_move_files_dirs PASSED                    [ 52%]
test_operating_system.py::test_verify_directory_existence PASSED         [ 55%]
test_operating_system.py::test_directory_existence_not_verified PASSED   [ 57%]
test_operating_system.py::test_verify_file_existence PASSED              [ 60%]
test_operating_system.py::test_file_existence_not_verified PASSED        [ 63%]
test_read_files.py::test_file_not_found PASSED                           [ 65%]
test_read_files.py::test_read_double PASSED                              [ 68%]
test_read_files.py::test_read_double_list PASSED                         [ 71%]
test_read_files.py::test_read_float PASSED                               [ 73%]
test_read_files.py::test_float_list PASSED                               [ 76%]
test_read_files.py::test_read_integer PASSED                             [ 78%]
test_read_files.py::test_read_integer_list PASSED                        [ 81%]
test_read_files.py::test_read_sentence PASSED                            [ 84%]
test_read_files.py::test_read_string PASSED                              [ 86%]
test_read_files.py::test_read_string_list PASSED                         [ 89%]
test_read_files.py::test_read_csv_by_headers PASSED                      [ 92%]
test_read_files.py::test_read_csv_by_headers_below_start PASSED          [ 94%]
test_read_files.py::test_read_csv_by_index PASSED                        [ 97%]
test_read_files.py::test_read_csv_by_index_below_start PASSED            [100%]

============================== 38 passed in 0.20s ==============================
Thu Apr 15 02:38:35 PM MDT 2021
