============================= test session starts ==============================
platform linux -- Python 3.9.2, pytest-6.2.3, py-1.10.0, pluggy-0.13.1 -- /home/jonwebb/Code_Dev/Python/core_utilities/.venv/bin/python3
cachedir: .pytest_cache
rootdir: /home/jonwebb/Code_Dev/Python/core_utilities
collecting ... collected 13 items

test_operating_system.py::test_change_directory PASSED                   [  7%]
test_operating_system.py::test_copy_directory PASSED                     [ 15%]
test_operating_system.py::test_copy_file PASSED                          [ 23%]
test_operating_system.py::test_count_word_occurrence PASSED              [ 30%]
test_operating_system.py::test_create_directory PASSED                   [ 38%]
test_operating_system.py::test_create_file PASSED                        [ 46%]
test_operating_system.py::test_current_working_directory PASSED          [ 53%]
test_operating_system.py::test_delete_directory PASSED                   [ 61%]
test_operating_system.py::test_delete_file PASSED                        [ 69%]
test_operating_system.py::test_remove_populated_directory PASSED         [ 76%]
test_operating_system.py::test_determine_file_size PASSED                [ 84%]
test_operating_system.py::test_determine_file_line_count PASSED          [ 92%]
test_operating_system.py::test_file_word_count PASSED                    [100%]

============================== 13 passed in 0.02s ==============================
Tue Apr 13 07:39:09 PM MDT 2021
