============================= test session starts ==============================
platform linux -- Python 3.9.2, pytest-6.2.3, py-1.10.0, pluggy-0.13.1 -- /home/jonwebb/Code_Dev/Python/core_utilities/.venv/bin/python3
cachedir: .pytest_cache
rootdir: /home/jonwebb/Code_Dev/Python/core_utilities
collecting ... collected 4 items

test_operating_system.py::test_change_directory PASSED                   [ 25%]
test_operating_system.py::test_copy_directory PASSED                     [ 50%]
test_operating_system.py::test_copy_file PASSED                          [ 75%]
test_operating_system.py::test_count_word_occurrence PASSED              [100%]

============================== 4 passed in 0.01s ===============================
Tue Apr 13 04:55:42 PM MDT 2021
