============================= test session starts ==============================
platform linux -- Python 3.9.2, pytest-6.2.3, py-1.10.0, pluggy-0.13.1 -- /home/jonwebb/Code_Dev/Python/core_utilities/.venv/bin/python3
cachedir: .pytest_cache
rootdir: /home/jonwebb/Code_Dev/Python/core_utilities
collecting ... collected 34 items

test_operating_system.py::test_change_directory PASSED                   [  2%]
test_operating_system.py::test_copy_directory PASSED                     [  5%]
test_operating_system.py::test_copy_file PASSED                          [  8%]
test_operating_system.py::test_count_word_occurrence PASSED              [ 11%]
test_operating_system.py::test_create_directory PASSED                   [ 14%]
test_operating_system.py::test_create_file PASSED                        [ 17%]
test_operating_system.py::test_current_working_directory PASSED          [ 20%]
test_operating_system.py::test_delete_directory PASSED                   [ 23%]
test_operating_system.py::test_delete_file PASSED                        [ 26%]
test_operating_system.py::test_remove_populated_directory PASSED         [ 29%]
test_operating_system.py::test_determine_file_size PASSED                [ 32%]
test_operating_system.py::test_determine_file_line_count PASSED          [ 35%]
test_operating_system.py::test_file_word_count PASSED                    [ 38%]
test_operating_system.py::test_move_directory PASSED                     [ 41%]
test_operating_system.py::test_move_file PASSED                          [ 44%]
test_operating_system.py::test_list_contents PASSED                      [ 47%]
test_operating_system.py::test_copy_files_files PASSED                   [ 50%]
test_operating_system.py::test_copy_files_dirs PASSED                    [ 52%]
test_operating_system.py::test_move_files_everything PASSED              [ 55%]
test_operating_system.py::test_move_files_dirs PASSED                    [ 58%]
test_operating_system.py::test_verify_directory_existence PASSED         [ 61%]
test_operating_system.py::test_directory_existence_not_verified PASSED   [ 64%]
test_operating_system.py::test_verify_file_existence PASSED              [ 67%]
test_operating_system.py::test_file_existence_not_verified PASSED        [ 70%]
test_read_files.py::test_file_not_found PASSED                           [ 73%]
test_read_files.py::test_read_double PASSED                              [ 76%]
test_read_files.py::test_read_double_list PASSED                         [ 79%]
test_read_files.py::test_read_float PASSED                               [ 82%]
test_read_files.py::test_float_list PASSED                               [ 85%]
test_read_files.py::test_read_integer PASSED                             [ 88%]
test_read_files.py::test_read_integer_list PASSED                        [ 91%]
test_read_files.py::test_read_sentence PASSED                            [ 94%]
test_read_files.py::test_read_string PASSED                              [ 97%]
test_read_files.py::test_read_string_list PASSED                         [100%]

============================== 34 passed in 0.20s ==============================
Wed Apr 14 07:01:21 PM MDT 2021
