============================= test session starts ==============================
platform linux -- Python 3.9.2, pytest-6.2.3, py-1.10.0, pluggy-0.13.1 -- /home/jonwebb/Code_Dev/Python/core_utilities/.venv/bin/python3
cachedir: .pytest_cache
rootdir: /home/jonwebb/Code_Dev/Python/core_utilities
collecting ... collected 35 items

test_operating_system.py::test_change_directory PASSED                   [  2%]
test_operating_system.py::test_copy_directory PASSED                     [  5%]
test_operating_system.py::test_copy_file PASSED                          [  8%]
test_operating_system.py::test_count_word_occurrence PASSED              [ 11%]
test_operating_system.py::test_create_directory PASSED                   [ 14%]
test_operating_system.py::test_create_file PASSED                        [ 17%]
test_operating_system.py::test_current_working_directory PASSED          [ 20%]
test_operating_system.py::test_delete_directory PASSED                   [ 22%]
test_operating_system.py::test_delete_file PASSED                        [ 25%]
test_operating_system.py::test_remove_populated_directory PASSED         [ 28%]
test_operating_system.py::test_determine_file_size PASSED                [ 31%]
test_operating_system.py::test_determine_file_line_count PASSED          [ 34%]
test_operating_system.py::test_file_word_count PASSED                    [ 37%]
test_operating_system.py::test_move_directory PASSED                     [ 40%]
test_operating_system.py::test_move_file PASSED                          [ 42%]
test_operating_system.py::test_list_contents PASSED                      [ 45%]
test_operating_system.py::test_copy_files_files PASSED                   [ 48%]
test_operating_system.py::test_copy_files_dirs PASSED                    [ 51%]
test_operating_system.py::test_move_files_everything PASSED              [ 54%]
test_operating_system.py::test_move_files_dirs PASSED                    [ 57%]
test_operating_system.py::test_verify_directory_existence PASSED         [ 60%]
test_operating_system.py::test_directory_existence_not_verified PASSED   [ 62%]
test_operating_system.py::test_verify_file_existence PASSED              [ 65%]
test_operating_system.py::test_file_existence_not_verified PASSED        [ 68%]
test_read_files.py::test_file_not_found PASSED                           [ 71%]
test_read_files.py::test_read_double PASSED                              [ 74%]
test_read_files.py::test_read_double_list PASSED                         [ 77%]
test_read_files.py::test_read_float PASSED                               [ 80%]
test_read_files.py::test_float_list PASSED                               [ 82%]
test_read_files.py::test_read_integer PASSED                             [ 85%]
test_read_files.py::test_read_integer_list PASSED                        [ 88%]
test_read_files.py::test_read_sentence PASSED                            [ 91%]
test_read_files.py::test_read_string PASSED                              [ 94%]
test_read_files.py::test_read_string_list PASSED                         [ 97%]
test_read_files.py::test_read_csv_by_headers PASSED                      [100%]

============================== 35 passed in 0.21s ==============================
Thu Apr 15 02:29:43 PM MDT 2021
