============================= test session starts ==============================
platform linux -- Python 3.9.2, pytest-6.2.3, py-1.10.0, pluggy-0.13.1 -- /home/jonwebb/Code_Dev/Python/core_utilities/.venv/bin/python3
cachedir: .pytest_cache
rootdir: /home/jonwebb/Code_Dev/Python/core_utilities
collecting ... collected 42 items

test_operating_system.py::test_change_directory PASSED                   [  2%]
test_operating_system.py::test_copy_directory PASSED                     [  4%]
test_operating_system.py::test_copy_file PASSED                          [  7%]
test_operating_system.py::test_count_word_occurrence PASSED              [  9%]
test_operating_system.py::test_create_directory PASSED                   [ 11%]
test_operating_system.py::test_create_file PASSED                        [ 14%]
test_operating_system.py::test_current_working_directory PASSED          [ 16%]
test_operating_system.py::test_delete_directory PASSED                   [ 19%]
test_operating_system.py::test_delete_file PASSED                        [ 21%]
test_operating_system.py::test_remove_populated_directory PASSED         [ 23%]
test_operating_system.py::test_determine_file_size PASSED                [ 26%]
test_operating_system.py::test_determine_file_line_count PASSED          [ 28%]
test_operating_system.py::test_file_word_count PASSED                    [ 30%]
test_operating_system.py::test_move_directory PASSED                     [ 33%]
test_operating_system.py::test_move_file PASSED                          [ 35%]
test_operating_system.py::test_list_contents PASSED                      [ 38%]
test_operating_system.py::test_copy_files_files PASSED                   [ 40%]
test_operating_system.py::test_copy_files_dirs PASSED                    [ 42%]
test_operating_system.py::test_move_files_everything PASSED              [ 45%]
test_operating_system.py::test_move_files_dirs PASSED                    [ 47%]
test_operating_system.py::test_verify_directory_existence PASSED         [ 50%]
test_operating_system.py::test_directory_existence_not_verified PASSED   [ 52%]
test_operating_system.py::test_verify_file_existence PASSED              [ 54%]
test_operating_system.py::test_file_existence_not_verified PASSED        [ 57%]
test_read_files.py::test_file_not_found PASSED                           [ 59%]
test_read_files.py::test_read_double PASSED                              [ 61%]
test_read_files.py::test_read_double_list PASSED                         [ 64%]
test_read_files.py::test_read_float PASSED                               [ 66%]
test_read_files.py::test_float_list PASSED                               [ 69%]
test_read_files.py::test_read_integer PASSED                             [ 71%]
test_read_files.py::test_read_integer_list PASSED                        [ 73%]
test_read_files.py::test_read_sentence PASSED                            [ 76%]
test_read_files.py::test_read_string PASSED                              [ 78%]
test_read_files.py::test_read_string_list PASSED                         [ 80%]
test_read_files.py::test_read_csv_by_headers PASSED                      [ 83%]
test_read_files.py::test_read_csv_by_headers_below_start PASSED          [ 85%]
test_read_files.py::test_read_csv_by_index PASSED                        [ 88%]
test_read_files.py::test_read_csv_by_index_below_start PASSED            [ 90%]
test_read_files.py::test_read_text_by_header PASSED                      [ 92%]
test_read_files.py::test_read_text_by_header_below_start PASSED          [ 95%]
test_read_files.py::test_read_text_by_index PASSED                       [ 97%]
test_read_files.py::test_read_text_by_index_below_start PASSED           [100%]

============================== 42 passed in 0.21s ==============================
Thu Apr 15 02:52:26 PM MDT 2021
