============================= test session starts ==============================
platform linux -- Python 3.9.2, pytest-6.2.3, py-1.10.0, pluggy-0.13.1 -- /home/jonwebb/Code_Dev/Python/core_utilities/.venv/bin/python3
cachedir: .pytest_cache
rootdir: /home/jonwebb/Code_Dev/Python/core_utilities
collecting ... collected 62 items

test_operating_system.py::test_change_directory PASSED                   [  1%]
test_operating_system.py::test_copy_directory PASSED                     [  3%]
test_operating_system.py::test_copy_file PASSED                          [  4%]
test_operating_system.py::test_count_word_occurrence PASSED              [  6%]
test_operating_system.py::test_create_directory PASSED                   [  8%]
test_operating_system.py::test_create_file PASSED                        [  9%]
test_operating_system.py::test_current_working_directory PASSED          [ 11%]
test_operating_system.py::test_delete_directory PASSED                   [ 12%]
test_operating_system.py::test_delete_file PASSED                        [ 14%]
test_operating_system.py::test_remove_populated_directory PASSED         [ 16%]
test_operating_system.py::test_determine_file_size PASSED                [ 17%]
test_operating_system.py::test_determine_file_line_count PASSED          [ 19%]
test_operating_system.py::test_file_word_count PASSED                    [ 20%]
test_operating_system.py::test_move_directory PASSED                     [ 22%]
test_operating_system.py::test_move_file PASSED                          [ 24%]
test_operating_system.py::test_list_contents PASSED                      [ 25%]
test_operating_system.py::test_copy_files_files PASSED                   [ 27%]
test_operating_system.py::test_copy_files_dirs PASSED                    [ 29%]
test_operating_system.py::test_move_files_everything PASSED              [ 30%]
test_operating_system.py::test_move_files_dirs PASSED                    [ 32%]
test_operating_system.py::test_verify_directory_existence PASSED         [ 33%]
test_operating_system.py::test_directory_existence_not_verified PASSED   [ 35%]
test_operating_system.py::test_verify_file_existence PASSED              [ 37%]
test_operating_system.py::test_file_existence_not_verified PASSED        [ 38%]
test_plotting.py::test_scatter_plot_parse_columns PASSED                 [ 40%]
test_plotting.py::test_scatter_plot_column PASSED                        [ 41%]
test_plotting.py::test_line_plot_parse_column PASSED                     [ 43%]
test_plotting.py::test_line_plot_column PASSED                           [ 45%]
test_plotting.py::test_datetime_plot_parse_column PASSED                 [ 46%]
test_plotting.py::test_datetime_plot_column PASSED                       [ 48%]
test_plotting.py::test_fill_between_parse_columns PASSED                 [ 50%]
test_plotting.py::test_fill_between_columns PASSED                       [ 51%]
test_plotting.py::test_fill_between_datetime_parse PASSED                [ 53%]
test_plotting.py::test_fill_between_datetime_column PASSED               [ 54%]
test_read_files.py::test_file_not_found PASSED                           [ 56%]
test_read_files.py::test_read_double PASSED                              [ 58%]
test_read_files.py::test_read_double_list PASSED                         [ 59%]
test_read_files.py::test_read_float PASSED                               [ 61%]
test_read_files.py::test_float_list PASSED                               [ 62%]
test_read_files.py::test_read_integer PASSED                             [ 64%]
test_read_files.py::test_read_integer_list PASSED                        [ 66%]
test_read_files.py::test_read_sentence PASSED                            [ 67%]
test_read_files.py::test_read_string PASSED                              [ 69%]
test_read_files.py::test_read_string_list PASSED                         [ 70%]
test_read_files.py::test_read_csv_by_headers PASSED                      [ 72%]
test_read_files.py::test_read_csv_by_headers_below_start PASSED          [ 74%]
test_read_files.py::test_read_csv_by_index PASSED                        [ 75%]
test_read_files.py::test_read_csv_by_index_below_start PASSED            [ 77%]
test_read_files.py::test_read_text_by_header PASSED                      [ 79%]
test_read_files.py::test_read_text_by_header_below_start PASSED          [ 80%]
test_read_files.py::test_read_text_by_index PASSED                       [ 82%]
test_read_files.py::test_read_text_by_index_below_start PASSED           [ 83%]
test_read_files.py::test_read_excel_by_header PASSED                     [ 85%]
test_read_files.py::test_read_excel_by_header_below_start PASSED         [ 87%]
test_read_files.py::test_read_excel_by_index PASSED                      [ 88%]
test_read_files.py::test_read_excel_by_index_below_start PASSED          [ 90%]
test_read_files.py::test_no_db_exists PASSED                             [ 91%]
test_read_files.py::test_read_database_from_class PASSED                 [ 93%]
test_read_files.py::test_simple_sqlite_query PASSED                      [ 95%]
test_read_files.py::test_read_json PASSED                                [ 96%]
test_read_files.py::test_read_xml PASSED                                 [ 98%]
test_read_files.py::test_read_yaml_file PASSED                           [100%]

============================== 62 passed in 0.74s ==============================
Sun Apr 25 03:03:21 PM MDT 2021
