============================= test session starts ==============================
platform linux -- Python 3.9.2, pytest-6.2.3, py-1.10.0, pluggy-0.13.1 -- /home/jonwebb/Code_Dev/Python/core_utilities/.venv/bin/python3
cachedir: .pytest_cache
rootdir: /home/jonwebb/Code_Dev/Python/core_utilities
collecting ... collected 22 items

test_operating_system.py::test_change_directory PASSED                   [  4%]
test_operating_system.py::test_copy_directory PASSED                     [  9%]
test_operating_system.py::test_copy_file PASSED                          [ 13%]
test_operating_system.py::test_count_word_occurrence PASSED              [ 18%]
test_operating_system.py::test_create_directory PASSED                   [ 22%]
test_operating_system.py::test_create_file PASSED                        [ 27%]
test_operating_system.py::test_current_working_directory PASSED          [ 31%]
test_operating_system.py::test_delete_directory PASSED                   [ 36%]
test_operating_system.py::test_delete_file PASSED                        [ 40%]
test_operating_system.py::test_remove_populated_directory PASSED         [ 45%]
test_operating_system.py::test_determine_file_size PASSED                [ 50%]
test_operating_system.py::test_determine_file_line_count PASSED          [ 54%]
test_operating_system.py::test_file_word_count PASSED                    [ 59%]
test_operating_system.py::test_move_directory PASSED                     [ 63%]
test_operating_system.py::test_move_file PASSED                          [ 68%]
test_operating_system.py::test_list_contents PASSED                      [ 72%]
test_operating_system.py::test_copy_files_files PASSED                   [ 77%]
test_operating_system.py::test_copy_files_dirs PASSED                    [ 81%]
test_operating_system.py::test_move_files_everything PASSED              [ 86%]
test_operating_system.py::test_move_files_dirs PASSED                    [ 90%]
test_operating_system.py::test_verify_directory_existence PASSED         [ 95%]
test_operating_system.py::test_directory_existence_not_verified PASSED   [100%]

============================== 22 passed in 0.02s ==============================
Tue Apr 13 08:24:20 PM MDT 2021
