============================= test session starts ==============================
platform linux -- Python 3.9.2, pytest-6.2.3, py-1.10.0, pluggy-0.13.1 -- /home/jonwebb/Code_Dev/Python/core_utilities/.venv/bin/python3
cachedir: .pytest_cache
rootdir: /home/jonwebb/Code_Dev/Python/core_utilities
collecting ... collected 24 items

test_operating_system.py::test_change_directory PASSED                   [  4%]
test_operating_system.py::test_copy_directory PASSED                     [  8%]
test_operating_system.py::test_copy_file PASSED                          [ 12%]
test_operating_system.py::test_count_word_occurrence PASSED              [ 16%]
test_operating_system.py::test_create_directory PASSED                   [ 20%]
test_operating_system.py::test_create_file PASSED                        [ 25%]
test_operating_system.py::test_current_working_directory PASSED          [ 29%]
test_operating_system.py::test_delete_directory PASSED                   [ 33%]
test_operating_system.py::test_delete_file PASSED                        [ 37%]
test_operating_system.py::test_remove_populated_directory PASSED         [ 41%]
test_operating_system.py::test_determine_file_size PASSED                [ 45%]
test_operating_system.py::test_determine_file_line_count PASSED          [ 50%]
test_operating_system.py::test_file_word_count PASSED                    [ 54%]
test_operating_system.py::test_move_directory PASSED                     [ 58%]
test_operating_system.py::test_move_file PASSED                          [ 62%]
test_operating_system.py::test_list_contents PASSED                      [ 66%]
test_operating_system.py::test_copy_files_files PASSED                   [ 70%]
test_operating_system.py::test_copy_files_dirs PASSED                    [ 75%]
test_operating_system.py::test_move_files_everything PASSED              [ 79%]
test_operating_system.py::test_move_files_dirs PASSED                    [ 83%]
test_operating_system.py::test_verify_directory_existence PASSED         [ 87%]
test_operating_system.py::test_directory_existence_not_verified PASSED   [ 91%]
test_operating_system.py::test_verify_file_existence PASSED              [ 95%]
test_operating_system.py::test_file_existence_not_verified PASSED        [100%]

============================== 24 passed in 0.02s ==============================
Wed Apr 14 08:38:02 AM MDT 2021
