============================= test session starts ==============================
platform linux -- Python 3.9.2, pytest-6.2.3, py-1.10.0, pluggy-0.13.1 -- /home/jonwebb/Code_Dev/Python/core_utilities/.venv/bin/python3
cachedir: .pytest_cache
rootdir: /home/jonwebb/Code_Dev/Python/core_utilities
collecting ... collected 56 items

test_operating_system.py::test_change_directory PASSED                   [  1%]
test_operating_system.py::test_copy_directory PASSED                     [  3%]
test_operating_system.py::test_copy_file PASSED                          [  5%]
test_operating_system.py::test_count_word_occurrence PASSED              [  7%]
test_operating_system.py::test_create_directory PASSED                   [  8%]
test_operating_system.py::test_create_file PASSED                        [ 10%]
test_operating_system.py::test_current_working_directory PASSED          [ 12%]
test_operating_system.py::test_delete_directory PASSED                   [ 14%]
test_operating_system.py::test_delete_file PASSED                        [ 16%]
test_operating_system.py::test_remove_populated_directory PASSED         [ 17%]
test_operating_system.py::test_determine_file_size PASSED                [ 19%]
test_operating_system.py::test_determine_file_line_count PASSED          [ 21%]
test_operating_system.py::test_file_word_count PASSED                    [ 23%]
test_operating_system.py::test_move_directory PASSED                     [ 25%]
test_operating_system.py::test_move_file PASSED                          [ 26%]
test_operating_system.py::test_list_contents PASSED                      [ 28%]
test_operating_system.py::test_copy_files_files PASSED                   [ 30%]
test_operating_system.py::test_copy_files_dirs PASSED                    [ 32%]
test_operating_system.py::test_move_files_everything PASSED              [ 33%]
test_operating_system.py::test_move_files_dirs PASSED                    [ 35%]
test_operating_system.py::test_verify_directory_existence PASSED         [ 37%]
test_operating_system.py::test_directory_existence_not_verified PASSED   [ 39%]
test_operating_system.py::test_verify_file_existence PASSED              [ 41%]
test_operating_system.py::test_file_existence_not_verified PASSED        [ 42%]
test_plotting.py::test_scatter_plot_parse_columns PASSED                 [ 44%]
test_plotting.py::test_scatter_plot_column PASSED                        [ 46%]
test_plotting.py::test_line_plot_parse_column PASSED                     [ 48%]
test_plotting.py::test_line_plot_column PASSED                           [ 50%]
test_read_files.py::test_file_not_found PASSED                           [ 51%]
test_read_files.py::test_read_double PASSED                              [ 53%]
test_read_files.py::test_read_double_list PASSED                         [ 55%]
test_read_files.py::test_read_float PASSED                               [ 57%]
test_read_files.py::test_float_list PASSED                               [ 58%]
test_read_files.py::test_read_integer PASSED                             [ 60%]
test_read_files.py::test_read_integer_list PASSED                        [ 62%]
test_read_files.py::test_read_sentence PASSED                            [ 64%]
test_read_files.py::test_read_string PASSED                              [ 66%]
test_read_files.py::test_read_string_list PASSED                         [ 67%]
test_read_files.py::test_read_csv_by_headers PASSED                      [ 69%]
test_read_files.py::test_read_csv_by_headers_below_start PASSED          [ 71%]
test_read_files.py::test_read_csv_by_index PASSED                        [ 73%]
test_read_files.py::test_read_csv_by_index_below_start PASSED            [ 75%]
test_read_files.py::test_read_text_by_header PASSED                      [ 76%]
test_read_files.py::test_read_text_by_header_below_start PASSED          [ 78%]
test_read_files.py::test_read_text_by_index PASSED                       [ 80%]
test_read_files.py::test_read_text_by_index_below_start PASSED           [ 82%]
test_read_files.py::test_read_excel_by_header PASSED                     [ 83%]
test_read_files.py::test_read_excel_by_header_below_start PASSED         [ 85%]
test_read_files.py::test_read_excel_by_index PASSED                      [ 87%]
test_read_files.py::test_read_excel_by_index_below_start PASSED          [ 89%]
test_read_files.py::test_no_db_exists PASSED                             [ 91%]
test_read_files.py::test_read_database_from_class PASSED                 [ 92%]
test_read_files.py::test_simple_sqlite_query PASSED                      [ 94%]
test_read_files.py::test_read_json PASSED                                [ 96%]
test_read_files.py::test_read_xml PASSED                                 [ 98%]
test_read_files.py::test_read_yaml_file PASSED                           [100%]

============================== 56 passed in 0.56s ==============================
Sat Apr 24 11:19:00 AM MDT 2021
