============================= test session starts ==============================
platform linux -- Python 3.9.2, pytest-6.2.3, py-1.10.0, pluggy-0.13.1 -- /home/jonwebb/Code_Dev/Python/core_utilities/.venv/bin/python3
cachedir: .pytest_cache
rootdir: /home/jonwebb/Code_Dev/Python/core_utilities
collecting ... collected 15 items

test_operating_system.py::test_change_directory PASSED                   [  6%]
test_operating_system.py::test_copy_directory PASSED                     [ 13%]
test_operating_system.py::test_copy_file PASSED                          [ 20%]
test_operating_system.py::test_count_word_occurrence PASSED              [ 26%]
test_operating_system.py::test_create_directory PASSED                   [ 33%]
test_operating_system.py::test_create_file PASSED                        [ 40%]
test_operating_system.py::test_current_working_directory PASSED          [ 46%]
test_operating_system.py::test_delete_directory PASSED                   [ 53%]
test_operating_system.py::test_delete_file PASSED                        [ 60%]
test_operating_system.py::test_remove_populated_directory PASSED         [ 66%]
test_operating_system.py::test_determine_file_size PASSED                [ 73%]
test_operating_system.py::test_determine_file_line_count PASSED          [ 80%]
test_operating_system.py::test_file_word_count PASSED                    [ 86%]
test_operating_system.py::test_move_directory PASSED                     [ 93%]
test_operating_system.py::test_move_file PASSED                          [100%]

============================== 15 passed in 0.02s ==============================
Tue Apr 13 07:51:35 PM MDT 2021
