============================= test session starts ==============================
platform linux -- Python 3.9.2, pytest-6.2.3, py-1.10.0, pluggy-0.13.1 -- /home/jonwebb/Code_Dev/Python/core_utilities/.venv/bin/python3
cachedir: .pytest_cache
rootdir: /home/jonwebb/Code_Dev/Python/core_utilities
collecting ... collected 36 items

test_operating_system.py::test_change_directory PASSED                   [  2%]
test_operating_system.py::test_copy_directory PASSED                     [  5%]
test_operating_system.py::test_copy_file PASSED                          [  8%]
test_operating_system.py::test_count_word_occurrence PASSED              [ 11%]
test_operating_system.py::test_create_directory PASSED                   [ 13%]
test_operating_system.py::test_create_file PASSED                        [ 16%]
test_operating_system.py::test_current_working_directory PASSED          [ 19%]
test_operating_system.py::test_delete_directory PASSED                   [ 22%]
test_operating_system.py::test_delete_file PASSED                        [ 25%]
test_operating_system.py::test_remove_populated_directory PASSED         [ 27%]
test_operating_system.py::test_determine_file_size PASSED                [ 30%]
test_operating_system.py::test_determine_file_line_count PASSED          [ 33%]
test_operating_system.py::test_file_word_count PASSED                    [ 36%]
test_operating_system.py::test_move_directory PASSED                     [ 38%]
test_operating_system.py::test_move_file PASSED                          [ 41%]
test_operating_system.py::test_list_contents PASSED                      [ 44%]
test_operating_system.py::test_copy_files_files PASSED                   [ 47%]
test_operating_system.py::test_copy_files_dirs PASSED                    [ 50%]
test_operating_system.py::test_move_files_everything PASSED              [ 52%]
test_operating_system.py::test_move_files_dirs PASSED                    [ 55%]
test_operating_system.py::test_verify_directory_existence PASSED         [ 58%]
test_operating_system.py::test_directory_existence_not_verified PASSED   [ 61%]
test_operating_system.py::test_verify_file_existence PASSED              [ 63%]
test_operating_system.py::test_file_existence_not_verified PASSED        [ 66%]
test_read_files.py::test_file_not_found PASSED                           [ 69%]
test_read_files.py::test_read_double PASSED                              [ 72%]
test_read_files.py::test_read_double_list PASSED                         [ 75%]
test_read_files.py::test_read_float PASSED                               [ 77%]
test_read_files.py::test_float_list PASSED                               [ 80%]
test_read_files.py::test_read_integer PASSED                             [ 83%]
test_read_files.py::test_read_integer_list PASSED                        [ 86%]
test_read_files.py::test_read_sentence PASSED                            [ 88%]
test_read_files.py::test_read_string PASSED                              [ 91%]
test_read_files.py::test_read_string_list PASSED                         [ 94%]
test_read_files.py::test_read_csv_by_headers PASSED                      [ 97%]
test_read_files.py::test_read_csv_by_headers_below_start PASSED          [100%]

============================== 36 passed in 0.20s ==============================
Thu Apr 15 02:34:06 PM MDT 2021
