============================= test session starts ==============================
platform linux -- Python 3.9.2, pytest-6.2.3, py-1.10.0, pluggy-0.13.1 -- /home/jonwebb/Code_Dev/Python/core_utilities/.venv/bin/python3
cachedir: .pytest_cache
rootdir: /home/jonwebb/Code_Dev/Python/core_utilities
collecting ... collected 14 items

test_operating_system.py::test_change_directory PASSED                   [  7%]
test_operating_system.py::test_copy_directory PASSED                     [ 14%]
test_operating_system.py::test_copy_file PASSED                          [ 21%]
test_operating_system.py::test_count_word_occurrence PASSED              [ 28%]
test_operating_system.py::test_create_directory PASSED                   [ 35%]
test_operating_system.py::test_create_file PASSED                        [ 42%]
test_operating_system.py::test_current_working_directory PASSED          [ 50%]
test_operating_system.py::test_delete_directory PASSED                   [ 57%]
test_operating_system.py::test_delete_file PASSED                        [ 64%]
test_operating_system.py::test_remove_populated_directory PASSED         [ 71%]
test_operating_system.py::test_determine_file_size PASSED                [ 78%]
test_operating_system.py::test_determine_file_line_count PASSED          [ 85%]
test_operating_system.py::test_file_word_count PASSED                    [ 92%]
test_operating_system.py::test_move_directory PASSED                     [100%]

============================== 14 passed in 0.02s ==============================
Tue Apr 13 07:46:56 PM MDT 2021
