============================= test session starts ==============================
platform linux -- Python 3.9.2, pytest-6.2.3, py-1.10.0, pluggy-0.13.1 -- /home/jonwebb/Code_Dev/Python/core_utilities/.venv/bin/python3
cachedir: .pytest_cache
rootdir: /home/jonwebb/Code_Dev/Python/core_utilities
collecting ... collected 12 items

test_operating_system.py::test_change_directory PASSED                   [  8%]
test_operating_system.py::test_copy_directory PASSED                     [ 16%]
test_operating_system.py::test_copy_file PASSED                          [ 25%]
test_operating_system.py::test_count_word_occurrence PASSED              [ 33%]
test_operating_system.py::test_create_directory PASSED                   [ 41%]
test_operating_system.py::test_create_file PASSED                        [ 50%]
test_operating_system.py::test_current_working_directory PASSED          [ 58%]
test_operating_system.py::test_delete_directory PASSED                   [ 66%]
test_operating_system.py::test_delete_file PASSED                        [ 75%]
test_operating_system.py::test_remove_populated_directory PASSED         [ 83%]
test_operating_system.py::test_determine_file_size PASSED                [ 91%]
test_operating_system.py::test_determine_file_line_count PASSED          [100%]

============================== 12 passed in 0.01s ==============================
Tue Apr 13 07:33:35 PM MDT 2021
