============================= test session starts ==============================
platform linux -- Python 3.9.2, pytest-6.2.3, py-1.10.0, pluggy-0.13.1 -- /home/jonwebb/Code_Dev/Python/core_utilities/.venv/bin/python3
cachedir: .pytest_cache
rootdir: /home/jonwebb/Code_Dev/Python/core_utilities
collecting ... collected 54 items

test_operating_system.py::test_change_directory PASSED                   [  1%]
test_operating_system.py::test_copy_directory PASSED                     [  3%]
test_operating_system.py::test_copy_file PASSED                          [  5%]
test_operating_system.py::test_count_word_occurrence PASSED              [  7%]
test_operating_system.py::test_create_directory PASSED                   [  9%]
test_operating_system.py::test_create_file PASSED                        [ 11%]
test_operating_system.py::test_current_working_directory PASSED          [ 12%]
test_operating_system.py::test_delete_directory PASSED                   [ 14%]
test_operating_system.py::test_delete_file PASSED                        [ 16%]
test_operating_system.py::test_remove_populated_directory PASSED         [ 18%]
test_operating_system.py::test_determine_file_size PASSED                [ 20%]
test_operating_system.py::test_determine_file_line_count PASSED          [ 22%]
test_operating_system.py::test_file_word_count PASSED                    [ 24%]
test_operating_system.py::test_move_directory PASSED                     [ 25%]
test_operating_system.py::test_move_file PASSED                          [ 27%]
test_operating_system.py::test_list_contents PASSED                      [ 29%]
test_operating_system.py::test_copy_files_files PASSED                   [ 31%]
test_operating_system.py::test_copy_files_dirs PASSED                    [ 33%]
test_operating_system.py::test_move_files_everything PASSED              [ 35%]
test_operating_system.py::test_move_files_dirs PASSED                    [ 37%]
test_operating_system.py::test_verify_directory_existence PASSED         [ 38%]
test_operating_system.py::test_directory_existence_not_verified PASSED   [ 40%]
test_operating_system.py::test_verify_file_existence PASSED              [ 42%]
test_operating_system.py::test_file_existence_not_verified PASSED        [ 44%]
test_plotting.py::test_scatter_plot_parse_columns PASSED                 [ 46%]
test_plotting.py::test_scatter_plot_column PASSED                        [ 48%]
test_read_files.py::test_file_not_found PASSED                           [ 50%]
test_read_files.py::test_read_double PASSED                              [ 51%]
test_read_files.py::test_read_double_list PASSED                         [ 53%]
test_read_files.py::test_read_float PASSED                               [ 55%]
test_read_files.py::test_float_list PASSED                               [ 57%]
test_read_files.py::test_read_integer PASSED                             [ 59%]
test_read_files.py::test_read_integer_list PASSED                        [ 61%]
test_read_files.py::test_read_sentence PASSED                            [ 62%]
test_read_files.py::test_read_string PASSED                              [ 64%]
test_read_files.py::test_read_string_list PASSED                         [ 66%]
test_read_files.py::test_read_csv_by_headers PASSED                      [ 68%]
test_read_files.py::test_read_csv_by_headers_below_start PASSED          [ 70%]
test_read_files.py::test_read_csv_by_index PASSED                        [ 72%]
test_read_files.py::test_read_csv_by_index_below_start PASSED            [ 74%]
test_read_files.py::test_read_text_by_header PASSED                      [ 75%]
test_read_files.py::test_read_text_by_header_below_start PASSED          [ 77%]
test_read_files.py::test_read_text_by_index PASSED                       [ 79%]
test_read_files.py::test_read_text_by_index_below_start PASSED           [ 81%]
test_read_files.py::test_read_excel_by_header PASSED                     [ 83%]
test_read_files.py::test_read_excel_by_header_below_start PASSED         [ 85%]
test_read_files.py::test_read_excel_by_index PASSED                      [ 87%]
test_read_files.py::test_read_excel_by_index_below_start PASSED          [ 88%]
test_read_files.py::test_no_db_exists PASSED                             [ 90%]
test_read_files.py::test_read_database_from_class PASSED                 [ 92%]
test_read_files.py::test_simple_sqlite_query PASSED                      [ 94%]
test_read_files.py::test_read_json PASSED                                [ 96%]
test_read_files.py::test_read_xml PASSED                                 [ 98%]
test_read_files.py::test_read_yaml_file PASSED                           [100%]

============================== 54 passed in 0.50s ==============================
Wed Apr 21 08:35:28 AM MDT 2021
