============================= test session starts ==============================
platform linux -- Python 3.9.2, pytest-6.2.3, py-1.10.0, pluggy-0.13.1 -- /home/jonwebb/Code_Dev/Python/core_utilities/.venv/bin/python3
cachedir: .pytest_cache
rootdir: /home/jonwebb/Code_Dev/Python/core_utilities
collecting ... collected 44 items

test_operating_system.py::test_change_directory PASSED                   [  2%]
test_operating_system.py::test_copy_directory PASSED                     [  4%]
test_operating_system.py::test_copy_file PASSED                          [  6%]
test_operating_system.py::test_count_word_occurrence PASSED              [  9%]
test_operating_system.py::test_create_directory PASSED                   [ 11%]
test_operating_system.py::test_create_file PASSED                        [ 13%]
test_operating_system.py::test_current_working_directory PASSED          [ 15%]
test_operating_system.py::test_delete_directory PASSED                   [ 18%]
test_operating_system.py::test_delete_file PASSED                        [ 20%]
test_operating_system.py::test_remove_populated_directory PASSED         [ 22%]
test_operating_system.py::test_determine_file_size PASSED                [ 25%]
test_operating_system.py::test_determine_file_line_count PASSED          [ 27%]
test_operating_system.py::test_file_word_count PASSED                    [ 29%]
test_operating_system.py::test_move_directory PASSED                     [ 31%]
test_operating_system.py::test_move_file PASSED                          [ 34%]
test_operating_system.py::test_list_contents PASSED                      [ 36%]
test_operating_system.py::test_copy_files_files PASSED                   [ 38%]
test_operating_system.py::test_copy_files_dirs PASSED                    [ 40%]
test_operating_system.py::test_move_files_everything PASSED              [ 43%]
test_operating_system.py::test_move_files_dirs PASSED                    [ 45%]
test_operating_system.py::test_verify_directory_existence PASSED         [ 47%]
test_operating_system.py::test_directory_existence_not_verified PASSED   [ 50%]
test_operating_system.py::test_verify_file_existence PASSED              [ 52%]
test_operating_system.py::test_file_existence_not_verified PASSED        [ 54%]
test_read_files.py::test_file_not_found PASSED                           [ 56%]
test_read_files.py::test_read_double PASSED                              [ 59%]
test_read_files.py::test_read_double_list PASSED                         [ 61%]
test_read_files.py::test_read_float PASSED                               [ 63%]
test_read_files.py::test_float_list PASSED                               [ 65%]
test_read_files.py::test_read_integer PASSED                             [ 68%]
test_read_files.py::test_read_integer_list PASSED                        [ 70%]
test_read_files.py::test_read_sentence PASSED                            [ 72%]
test_read_files.py::test_read_string PASSED                              [ 75%]
test_read_files.py::test_read_string_list PASSED                         [ 77%]
test_read_files.py::test_read_csv_by_headers PASSED                      [ 79%]
test_read_files.py::test_read_csv_by_headers_below_start PASSED          [ 81%]
test_read_files.py::test_read_csv_by_index PASSED                        [ 84%]
test_read_files.py::test_read_csv_by_index_below_start PASSED            [ 86%]
test_read_files.py::test_read_text_by_header PASSED                      [ 88%]
test_read_files.py::test_read_text_by_header_below_start PASSED          [ 90%]
test_read_files.py::test_read_text_by_index PASSED                       [ 93%]
test_read_files.py::test_read_text_by_index_below_start PASSED           [ 95%]
test_read_files.py::test_read_excel_by_header PASSED                     [ 97%]
test_read_files.py::test_read_excel_by_header_below_start PASSED         [100%]

============================== 44 passed in 0.26s ==============================
Thu Apr 15 02:58:41 PM MDT 2021
