============================= test session starts ==============================
platform linux -- Python 3.9.2, pytest-6.2.3, py-1.10.0, pluggy-0.13.1 -- /home/jonwebb/Code_Dev/Python/core_utilities/.venv/bin/python3
cachedir: .pytest_cache
rootdir: /home/jonwebb/Code_Dev/Python/core_utilities
collecting ... collected 5 items

test_operating_system.py::test_change_directory PASSED                   [ 20%]
test_operating_system.py::test_copy_directory PASSED                     [ 40%]
test_operating_system.py::test_copy_file PASSED                          [ 60%]
test_operating_system.py::test_count_word_occurrence PASSED              [ 80%]
test_operating_system.py::test_create_directory PASSED                   [100%]

============================== 5 passed in 0.01s ===============================
Tue Apr 13 05:02:37 PM MDT 2021
