============================= test session starts ==============================
platform linux -- Python 3.9.2, pytest-6.2.3, py-1.10.0, pluggy-0.13.1 -- /home/jonwebb/Code_Dev/Python/core_utilities/.venv/bin/python3
cachedir: .pytest_cache
rootdir: /home/jonwebb/Code_Dev/Python/core_utilities
collecting ... collected 46 items

test_operating_system.py::test_change_directory PASSED                   [  2%]
test_operating_system.py::test_copy_directory PASSED                     [  4%]
test_operating_system.py::test_copy_file PASSED                          [  6%]
test_operating_system.py::test_count_word_occurrence PASSED              [  8%]
test_operating_system.py::test_create_directory PASSED                   [ 10%]
test_operating_system.py::test_create_file PASSED                        [ 13%]
test_operating_system.py::test_current_working_directory PASSED          [ 15%]
test_operating_system.py::test_delete_directory PASSED                   [ 17%]
test_operating_system.py::test_delete_file PASSED                        [ 19%]
test_operating_system.py::test_remove_populated_directory PASSED         [ 21%]
test_operating_system.py::test_determine_file_size PASSED                [ 23%]
test_operating_system.py::test_determine_file_line_count PASSED          [ 26%]
test_operating_system.py::test_file_word_count PASSED                    [ 28%]
test_operating_system.py::test_move_directory PASSED                     [ 30%]
test_operating_system.py::test_move_file PASSED                          [ 32%]
test_operating_system.py::test_list_contents PASSED                      [ 34%]
test_operating_system.py::test_copy_files_files PASSED                   [ 36%]
test_operating_system.py::test_copy_files_dirs PASSED                    [ 39%]
test_operating_system.py::test_move_files_everything PASSED              [ 41%]
test_operating_system.py::test_move_files_dirs PASSED                    [ 43%]
test_operating_system.py::test_verify_directory_existence PASSED         [ 45%]
test_operating_system.py::test_directory_existence_not_verified PASSED   [ 47%]
test_operating_system.py::test_verify_file_existence PASSED              [ 50%]
test_operating_system.py::test_file_existence_not_verified PASSED        [ 52%]
test_read_files.py::test_file_not_found PASSED                           [ 54%]
test_read_files.py::test_read_double PASSED                              [ 56%]
test_read_files.py::test_read_double_list PASSED                         [ 58%]
test_read_files.py::test_read_float PASSED                               [ 60%]
test_read_files.py::test_float_list PASSED                               [ 63%]
test_read_files.py::test_read_integer PASSED                             [ 65%]
test_read_files.py::test_read_integer_list PASSED                        [ 67%]
test_read_files.py::test_read_sentence PASSED                            [ 69%]
test_read_files.py::test_read_string PASSED                              [ 71%]
test_read_files.py::test_read_string_list PASSED                         [ 73%]
test_read_files.py::test_read_csv_by_headers PASSED                      [ 76%]
test_read_files.py::test_read_csv_by_headers_below_start PASSED          [ 78%]
test_read_files.py::test_read_csv_by_index PASSED                        [ 80%]
test_read_files.py::test_read_csv_by_index_below_start PASSED            [ 82%]
test_read_files.py::test_read_text_by_header PASSED                      [ 84%]
test_read_files.py::test_read_text_by_header_below_start PASSED          [ 86%]
test_read_files.py::test_read_text_by_index PASSED                       [ 89%]
test_read_files.py::test_read_text_by_index_below_start PASSED           [ 91%]
test_read_files.py::test_read_excel_by_header PASSED                     [ 93%]
test_read_files.py::test_read_excel_by_header_below_start PASSED         [ 95%]
test_read_files.py::test_read_excel_by_index PASSED                      [ 97%]
test_read_files.py::test_read_excel_by_index_below_start PASSED          [100%]

============================== 46 passed in 0.23s ==============================
Thu Apr 15 03:03:33 PM MDT 2021
